<?xml version="1.0" encoding="UTF-8"?>
<!-- Generated by org.testng.reporters.JUnitReportReporter -->
<testsuite skipped="0" hostname="DESKTOP-HM5G61C" name="com.trademark.testcases.HomePageTest" tests="1" failures="0" timestamp="2019-10-02T19:25:13 EDT" time="12.753" errors="0">
  <testcase name="homePageOne" time="12.753" classname="com.trademark.testcases.HomePageTest"/>
</testsuite> <!-- com.trademark.testcases.HomePageTest -->
